d:\f_code\vs\lvgl_simulator\lv_roommachine_sim\lv_roommachine_sim\x64\debug\vc141.pdb
d:\f_code\vs\lvgl_simulator\lv_roommachine_sim\lv_roommachine_sim\x64\debug\vc141.idb
d:\f_code\vs\lvgl_simulator\lv_roommachine_sim\lv_roommachine_sim\x64\debug\main.obj
d:\f_code\vs\lvgl_simulator\lv_roommachine_sim\lv_roommachine_sim\x64\debug\img_cogwheel_indexed16.obj
d:\f_code\vs\lvgl_simulator\lv_roommachine_sim\lv_roommachine_sim\x64\debug\img_cogwheel_chroma_keyed.obj
d:\f_code\vs\lvgl_simulator\lv_roommachine_sim\lv_roommachine_sim\x64\debug\img_cogwheel_argb.obj
d:\f_code\vs\lvgl_simulator\lv_roommachine_sim\lv_roommachine_sim\x64\debug\img_cogwheel_alpha16.obj
d:\f_code\vs\lvgl_simulator\lv_roommachine_sim\lv_roommachine_sim\x64\debug\win_drv.obj
d:\f_code\vs\lvgl_simulator\lv_roommachine_sim\lv_roommachine_sim\x64\debug\xpt2046.obj
d:\f_code\vs\lvgl_simulator\lv_roommachine_sim\lv_roommachine_sim\x64\debug\mousewheel.obj
d:\f_code\vs\lvgl_simulator\lv_roommachine_sim\lv_roommachine_sim\x64\debug\mouse.obj
d:\f_code\vs\lvgl_simulator\lv_roommachine_sim\lv_roommachine_sim\x64\debug\libinput.obj
d:\f_code\vs\lvgl_simulator\lv_roommachine_sim\lv_roommachine_sim\x64\debug\keyboard.obj
d:\f_code\vs\lvgl_simulator\lv_roommachine_sim\lv_roommachine_sim\x64\debug\ft5406ee8.obj
d:\f_code\vs\lvgl_simulator\lv_roommachine_sim\lv_roommachine_sim\x64\debug\evdev.obj
d:\f_code\vs\lvgl_simulator\lv_roommachine_sim\lv_roommachine_sim\x64\debug\ad_touch.obj
d:\f_code\vs\lvgl_simulator\lv_roommachine_sim\lv_roommachine_sim\x64\debug\uc1610.obj
d:\f_code\vs\lvgl_simulator\lv_roommachine_sim\lv_roommachine_sim\x64\debug\st7565.obj
d:\f_code\vs\lvgl_simulator\lv_roommachine_sim\lv_roommachine_sim\x64\debug\ssd1963.obj
d:\f_code\vs\lvgl_simulator\lv_roommachine_sim\lv_roommachine_sim\x64\debug\sharp_mip.obj
d:\f_code\vs\lvgl_simulator\lv_roommachine_sim\lv_roommachine_sim\x64\debug\r61581.obj
d:\f_code\vs\lvgl_simulator\lv_roommachine_sim\lv_roommachine_sim\x64\debug\monitor.obj
d:\f_code\vs\lvgl_simulator\lv_roommachine_sim\lv_roommachine_sim\x64\debug\fbdev.obj
d:\f_code\vs\lvgl_simulator\lv_roommachine_sim\lv_roommachine_sim\x64\debug\lv_demo_printer_img_mobile.obj
d:\f_code\vs\lvgl_simulator\lv_roommachine_sim\lv_roommachine_sim\x64\debug\lv_demo_printer_img_internet.obj
d:\f_code\vs\lvgl_simulator\lv_roommachine_sim\lv_roommachine_sim\x64\debug\lv_demo_printer_img_copy.obj
d:\f_code\vs\lvgl_simulator\lv_roommachine_sim\lv_roommachine_sim\x64\debug\lv_demo_printer_img_cloud.obj
d:\f_code\vs\lvgl_simulator\lv_roommachine_sim\lv_roommachine_sim\x64\debug\lv_demo_printer_img_btn_bg_4.obj
d:\f_code\vs\lvgl_simulator\lv_roommachine_sim\lv_roommachine_sim\x64\debug\lv_demo_printer_img_btn_bg_3.obj
d:\f_code\vs\lvgl_simulator\lv_roommachine_sim\lv_roommachine_sim\x64\debug\lv_demo_printer_img_btn_bg_2.obj
d:\f_code\vs\lvgl_simulator\lv_roommachine_sim\lv_roommachine_sim\x64\debug\lv_demo_printer_img_btn_bg_1.obj
d:\f_code\vs\lvgl_simulator\lv_roommachine_sim\lv_roommachine_sim\x64\debug\lv_demo_printer_icon_wifi.obj
d:\f_code\vs\lvgl_simulator\lv_roommachine_sim\lv_roommachine_sim\x64\debug\lv_demo_printer_icon_tel.obj
d:\f_code\vs\lvgl_simulator\lv_roommachine_sim\lv_roommachine_sim\x64\debug\lv_demo_printer_icon_pc.obj
d:\f_code\vs\lvgl_simulator\lv_roommachine_sim\lv_roommachine_sim\x64\debug\lv_demo_printer_icon_hue.obj
d:\f_code\vs\lvgl_simulator\lv_roommachine_sim\lv_roommachine_sim\x64\debug\lv_demo_printer_icon_eco.obj
d:\f_code\vs\lvgl_simulator\lv_roommachine_sim\lv_roommachine_sim\x64\debug\lv_demo_printer_icon_bright.obj
d:\f_code\vs\lvgl_simulator\lv_roommachine_sim\lv_roommachine_sim\x64\debug\lv_demo_keypad_encoder.obj
d:\f_code\vs\lvgl_simulator\lv_roommachine_sim\lv_roommachine_sim\x64\debug\lv_demo_benchmark.obj
d:\f_code\vs\lvgl_simulator\lv_roommachine_sim\lv_roommachine_sim\x64\debug\lv_font_montserrat_28_compr_az.obj
d:\f_code\vs\lvgl_simulator\lv_roommachine_sim\lv_roommachine_sim\x64\debug\lv_font_montserrat_16_compr_az.obj
d:\f_code\vs\lvgl_simulator\lv_roommachine_sim\lv_roommachine_sim\x64\debug\lv_font_montserrat_12_compr_az.obj
d:\f_code\vs\lvgl_simulator\lv_roommachine_sim\lv_roommachine_sim\x64\debug\img_cogwheel_rgb.obj
d:\f_code\vs\lvgl_simulator\lv_roommachine_sim\lv_roommachine_sim\x64\debug\lv_ex_style_10.obj
d:\f_code\vs\lvgl_simulator\lv_roommachine_sim\lv_roommachine_sim\x64\debug\lv_ex_style_1.obj
d:\f_code\vs\lvgl_simulator\lv_roommachine_sim\lv_roommachine_sim\x64\debug\lv_ex_get_started_3.obj
d:\f_code\vs\lvgl_simulator\lv_roommachine_sim\lv_roommachine_sim\x64\debug\lv_ex_get_started_2.obj
d:\f_code\vs\lvgl_simulator\lv_roommachine_sim\lv_roommachine_sim\x64\debug\lv_ex_get_started_1.obj
d:\f_code\vs\lvgl_simulator\lv_roommachine_sim\lv_roommachine_sim\x64\debug\lv_demo_widgets.obj
d:\f_code\vs\lvgl_simulator\lv_roommachine_sim\lv_roommachine_sim\x64\debug\lv_demo_stress.obj
d:\f_code\vs\lvgl_simulator\lv_roommachine_sim\lv_roommachine_sim\x64\debug\test_transp_1.obj
d:\f_code\vs\lvgl_simulator\lv_roommachine_sim\lv_roommachine_sim\x64\debug\lv_demo_printer_theme.obj
d:\f_code\vs\lvgl_simulator\lv_roommachine_sim\lv_roommachine_sim\x64\debug\lv_demo_printer.obj
d:\f_code\vs\lvgl_simulator\lv_roommachine_sim\lv_roommachine_sim\x64\debug\lv_demo_printer_img_wave.obj
d:\f_code\vs\lvgl_simulator\lv_roommachine_sim\lv_roommachine_sim\x64\debug\lv_demo_printer_img_usb.obj
d:\f_code\vs\lvgl_simulator\lv_roommachine_sim\lv_roommachine_sim\x64\debug\lv_demo_printer_img_setup.obj
d:\f_code\vs\lvgl_simulator\lv_roommachine_sim\lv_roommachine_sim\x64\debug\lv_demo_printer_img_scan_example.obj
d:\f_code\vs\lvgl_simulator\lv_roommachine_sim\lv_roommachine_sim\x64\debug\lv_demo_printer_img_scan.obj
d:\f_code\vs\lvgl_simulator\lv_roommachine_sim\lv_roommachine_sim\x64\debug\lv_demo_printer_img_ready.obj
d:\f_code\vs\lvgl_simulator\lv_roommachine_sim\lv_roommachine_sim\x64\debug\lv_demo_printer_img_printer2.obj
d:\f_code\vs\lvgl_simulator\lv_roommachine_sim\lv_roommachine_sim\x64\debug\lv_demo_printer_img_print.obj
d:\f_code\vs\lvgl_simulator\lv_roommachine_sim\lv_roommachine_sim\x64\debug\lv_demo_printer_img_phone.obj
d:\f_code\vs\lvgl_simulator\lv_roommachine_sim\lv_roommachine_sim\x64\debug\lv_demo_printer_img_no_internet.obj
d:\f_code\vs\lvgl_simulator\lv_roommachine_sim\lv_roommachine_sim\x64\debug\lv_ex_chart_2.obj
d:\f_code\vs\lvgl_simulator\lv_roommachine_sim\lv_roommachine_sim\x64\debug\lv_ex_chart_1.obj
d:\f_code\vs\lvgl_simulator\lv_roommachine_sim\lv_roommachine_sim\x64\debug\lv_ex_canvas_2.obj
d:\f_code\vs\lvgl_simulator\lv_roommachine_sim\lv_roommachine_sim\x64\debug\lv_ex_canvas_1.obj
d:\f_code\vs\lvgl_simulator\lv_roommachine_sim\lv_roommachine_sim\x64\debug\lv_ex_calendar_1.obj
d:\f_code\vs\lvgl_simulator\lv_roommachine_sim\lv_roommachine_sim\x64\debug\lv_ex_btn_2.obj
d:\f_code\vs\lvgl_simulator\lv_roommachine_sim\lv_roommachine_sim\x64\debug\lv_ex_btn_1.obj
d:\f_code\vs\lvgl_simulator\lv_roommachine_sim\lv_roommachine_sim\x64\debug\lv_ex_btnmatrix_1.obj
d:\f_code\vs\lvgl_simulator\lv_roommachine_sim\lv_roommachine_sim\x64\debug\lv_ex_bar_1.obj
d:\f_code\vs\lvgl_simulator\lv_roommachine_sim\lv_roommachine_sim\x64\debug\lv_ex_arc_2.obj
d:\f_code\vs\lvgl_simulator\lv_roommachine_sim\lv_roommachine_sim\x64\debug\lv_ex_arc_1.obj
d:\f_code\vs\lvgl_simulator\lv_roommachine_sim\lv_roommachine_sim\x64\debug\lv_ex_style_9.obj
d:\f_code\vs\lvgl_simulator\lv_roommachine_sim\lv_roommachine_sim\x64\debug\lv_ex_style_8.obj
d:\f_code\vs\lvgl_simulator\lv_roommachine_sim\lv_roommachine_sim\x64\debug\lv_ex_style_7.obj
d:\f_code\vs\lvgl_simulator\lv_roommachine_sim\lv_roommachine_sim\x64\debug\lv_ex_style_6.obj
d:\f_code\vs\lvgl_simulator\lv_roommachine_sim\lv_roommachine_sim\x64\debug\lv_ex_style_5.obj
d:\f_code\vs\lvgl_simulator\lv_roommachine_sim\lv_roommachine_sim\x64\debug\lv_ex_style_4.obj
d:\f_code\vs\lvgl_simulator\lv_roommachine_sim\lv_roommachine_sim\x64\debug\lv_ex_style_3.obj
d:\f_code\vs\lvgl_simulator\lv_roommachine_sim\lv_roommachine_sim\x64\debug\lv_ex_style_2.obj
d:\f_code\vs\lvgl_simulator\lv_roommachine_sim\lv_roommachine_sim\x64\debug\lv_ex_style_11.obj
d:\f_code\vs\lvgl_simulator\lv_roommachine_sim\lv_roommachine_sim\x64\debug\lv_ex_line_1.obj
d:\f_code\vs\lvgl_simulator\lv_roommachine_sim\lv_roommachine_sim\x64\debug\lv_ex_linemeter_1.obj
d:\f_code\vs\lvgl_simulator\lv_roommachine_sim\lv_roommachine_sim\x64\debug\lv_ex_led_1.obj
d:\f_code\vs\lvgl_simulator\lv_roommachine_sim\lv_roommachine_sim\x64\debug\lv_ex_label_3.obj
d:\f_code\vs\lvgl_simulator\lv_roommachine_sim\lv_roommachine_sim\x64\debug\lv_ex_label_2.obj
d:\f_code\vs\lvgl_simulator\lv_roommachine_sim\lv_roommachine_sim\x64\debug\lv_ex_label_1.obj
d:\f_code\vs\lvgl_simulator\lv_roommachine_sim\lv_roommachine_sim\x64\debug\lv_ex_keyboard_1.obj
d:\f_code\vs\lvgl_simulator\lv_roommachine_sim\lv_roommachine_sim\x64\debug\lv_ex_img_3.obj
d:\f_code\vs\lvgl_simulator\lv_roommachine_sim\lv_roommachine_sim\x64\debug\lv_ex_img_2.obj
d:\f_code\vs\lvgl_simulator\lv_roommachine_sim\lv_roommachine_sim\x64\debug\lv_ex_img_1.obj
d:\f_code\vs\lvgl_simulator\lv_roommachine_sim\lv_roommachine_sim\x64\debug\lv_ex_imgbtn_1.obj
d:\f_code\vs\lvgl_simulator\lv_roommachine_sim\lv_roommachine_sim\x64\debug\imgbtn_green.obj
d:\f_code\vs\lvgl_simulator\lv_roommachine_sim\lv_roommachine_sim\x64\debug\imgbtn_blue.obj
d:\f_code\vs\lvgl_simulator\lv_roommachine_sim\lv_roommachine_sim\x64\debug\lv_ex_gauge_1.obj
d:\f_code\vs\lvgl_simulator\lv_roommachine_sim\lv_roommachine_sim\x64\debug\lv_ex_dropdown_2.obj
d:\f_code\vs\lvgl_simulator\lv_roommachine_sim\lv_roommachine_sim\x64\debug\lv_ex_dropdown_1.obj
d:\f_code\vs\lvgl_simulator\lv_roommachine_sim\lv_roommachine_sim\x64\debug\lv_ex_cpicker_2.obj
d:\f_code\vs\lvgl_simulator\lv_roommachine_sim\lv_roommachine_sim\x64\debug\lv_ex_cpicker_1.obj
d:\f_code\vs\lvgl_simulator\lv_roommachine_sim\lv_roommachine_sim\x64\debug\lv_ex_cont_1.obj
d:\f_code\vs\lvgl_simulator\lv_roommachine_sim\lv_roommachine_sim\x64\debug\lv_ex_checkbox_1.obj
d:\f_code\vs\lvgl_simulator\lv_roommachine_sim\lv_roommachine_sim\x64\debug\lv_ex_tileview_1.obj
d:\f_code\vs\lvgl_simulator\lv_roommachine_sim\lv_roommachine_sim\x64\debug\lv_ex_textarea_3.obj
d:\f_code\vs\lvgl_simulator\lv_roommachine_sim\lv_roommachine_sim\x64\debug\lv_ex_textarea_2.obj
d:\f_code\vs\lvgl_simulator\lv_roommachine_sim\lv_roommachine_sim\x64\debug\lv_ex_textarea_1.obj
d:\f_code\vs\lvgl_simulator\lv_roommachine_sim\lv_roommachine_sim\x64\debug\lv_ex_templ.obj
d:\f_code\vs\lvgl_simulator\lv_roommachine_sim\lv_roommachine_sim\x64\debug\lv_ex_tabview_1.obj
d:\f_code\vs\lvgl_simulator\lv_roommachine_sim\lv_roommachine_sim\x64\debug\lv_ex_table_1.obj
d:\f_code\vs\lvgl_simulator\lv_roommachine_sim\lv_roommachine_sim\x64\debug\lv_ex_switch_1.obj
d:\f_code\vs\lvgl_simulator\lv_roommachine_sim\lv_roommachine_sim\x64\debug\lv_ex_spinner_1.obj
d:\f_code\vs\lvgl_simulator\lv_roommachine_sim\lv_roommachine_sim\x64\debug\lv_ex_spinbox_1.obj
d:\f_code\vs\lvgl_simulator\lv_roommachine_sim\lv_roommachine_sim\x64\debug\lv_ex_slider_2.obj
d:\f_code\vs\lvgl_simulator\lv_roommachine_sim\lv_roommachine_sim\x64\debug\lv_ex_slider_1.obj
d:\f_code\vs\lvgl_simulator\lv_roommachine_sim\lv_roommachine_sim\x64\debug\lv_ex_roller_1.obj
d:\f_code\vs\lvgl_simulator\lv_roommachine_sim\lv_roommachine_sim\x64\debug\lv_ex_page_1.obj
d:\f_code\vs\lvgl_simulator\lv_roommachine_sim\lv_roommachine_sim\x64\debug\lv_ex_obj_1.obj
d:\f_code\vs\lvgl_simulator\lv_roommachine_sim\lv_roommachine_sim\x64\debug\lv_ex_objmask_2.obj
d:\f_code\vs\lvgl_simulator\lv_roommachine_sim\lv_roommachine_sim\x64\debug\lv_ex_objmask_1.obj
d:\f_code\vs\lvgl_simulator\lv_roommachine_sim\lv_roommachine_sim\x64\debug\lv_ex_msgbox_2.obj
d:\f_code\vs\lvgl_simulator\lv_roommachine_sim\lv_roommachine_sim\x64\debug\lv_ex_msgbox_1.obj
d:\f_code\vs\lvgl_simulator\lv_roommachine_sim\lv_roommachine_sim\x64\debug\lv_ex_list_1.obj
d:\f_code\vs\lvgl_simulator\lv_roommachine_sim\lv_roommachine_sim\x64\debug\lv_ex_win_1.obj
d:\f_code\vs\lvgl_simulator\lv_roommachine_sim\lv_roommachine_sim\x64\debug\lv_img_cache.obj
d:\f_code\vs\lvgl_simulator\lv_roommachine_sim\lv_roommachine_sim\x64\debug\lv_img_buf.obj
d:\f_code\vs\lvgl_simulator\lv_roommachine_sim\lv_roommachine_sim\x64\debug\lv_draw_triangle.obj
d:\f_code\vs\lvgl_simulator\lv_roommachine_sim\lv_roommachine_sim\x64\debug\lv_draw_rect.obj
d:\f_code\vs\lvgl_simulator\lv_roommachine_sim\lv_roommachine_sim\x64\debug\lv_draw_mask.obj
d:\f_code\vs\lvgl_simulator\lv_roommachine_sim\lv_roommachine_sim\x64\debug\lv_draw_line.obj
d:\f_code\vs\lvgl_simulator\lv_roommachine_sim\lv_roommachine_sim\x64\debug\lv_draw_label.obj
d:\f_code\vs\lvgl_simulator\lv_roommachine_sim\lv_roommachine_sim\x64\debug\lv_draw_img.obj
d:\f_code\vs\lvgl_simulator\lv_roommachine_sim\lv_roommachine_sim\x64\debug\lv_draw_blend.obj
d:\f_code\vs\lvgl_simulator\lv_roommachine_sim\lv_roommachine_sim\x64\debug\lv_draw_arc.obj
d:\f_code\vs\lvgl_simulator\lv_roommachine_sim\lv_roommachine_sim\x64\debug\lv_style.obj
d:\f_code\vs\lvgl_simulator\lv_roommachine_sim\lv_roommachine_sim\x64\debug\lv_refr.obj
d:\f_code\vs\lvgl_simulator\lv_roommachine_sim\lv_roommachine_sim\x64\debug\lv_obj.obj
d:\f_code\vs\lvgl_simulator\lv_roommachine_sim\lv_roommachine_sim\x64\debug\lv_indev.obj
d:\f_code\vs\lvgl_simulator\lv_roommachine_sim\lv_roommachine_sim\x64\debug\lv_group.obj
d:\f_code\vs\lvgl_simulator\lv_roommachine_sim\lv_roommachine_sim\x64\debug\lv_disp.obj
d:\f_code\vs\lvgl_simulator\lv_roommachine_sim\lv_roommachine_sim\x64\debug\lv_port_indev_template.obj
d:\f_code\vs\lvgl_simulator\lv_roommachine_sim\lv_roommachine_sim\x64\debug\lv_port_fs_template.obj
d:\f_code\vs\lvgl_simulator\lv_roommachine_sim\lv_roommachine_sim\x64\debug\lv_port_disp_template.obj
d:\f_code\vs\lvgl_simulator\lv_roommachine_sim\lv_roommachine_sim\x64\debug\lv_font_montserrat_40.obj
d:\f_code\vs\lvgl_simulator\lv_roommachine_sim\lv_roommachine_sim\x64\debug\lv_font_montserrat_38.obj
d:\f_code\vs\lvgl_simulator\lv_roommachine_sim\lv_roommachine_sim\x64\debug\lv_font_montserrat_36.obj
d:\f_code\vs\lvgl_simulator\lv_roommachine_sim\lv_roommachine_sim\x64\debug\lv_font_montserrat_34.obj
d:\f_code\vs\lvgl_simulator\lv_roommachine_sim\lv_roommachine_sim\x64\debug\lv_font_montserrat_32.obj
d:\f_code\vs\lvgl_simulator\lv_roommachine_sim\lv_roommachine_sim\x64\debug\lv_font_montserrat_30.obj
d:\f_code\vs\lvgl_simulator\lv_roommachine_sim\lv_roommachine_sim\x64\debug\lv_font_montserrat_28_compressed.obj
d:\f_code\vs\lvgl_simulator\lv_roommachine_sim\lv_roommachine_sim\x64\debug\lv_font_montserrat_28.obj
d:\f_code\vs\lvgl_simulator\lv_roommachine_sim\lv_roommachine_sim\x64\debug\lv_font_montserrat_26.obj
d:\f_code\vs\lvgl_simulator\lv_roommachine_sim\lv_roommachine_sim\x64\debug\lv_font_montserrat_24.obj
d:\f_code\vs\lvgl_simulator\lv_roommachine_sim\lv_roommachine_sim\x64\debug\lv_font_montserrat_22.obj
d:\f_code\vs\lvgl_simulator\lv_roommachine_sim\lv_roommachine_sim\x64\debug\lv_font_montserrat_20.obj
d:\f_code\vs\lvgl_simulator\lv_roommachine_sim\lv_roommachine_sim\x64\debug\lv_font_montserrat_18.obj
d:\f_code\vs\lvgl_simulator\lv_roommachine_sim\lv_roommachine_sim\x64\debug\lv_font_montserrat_16.obj
d:\f_code\vs\lvgl_simulator\lv_roommachine_sim\lv_roommachine_sim\x64\debug\lv_font_montserrat_14.obj
d:\f_code\vs\lvgl_simulator\lv_roommachine_sim\lv_roommachine_sim\x64\debug\lv_font_montserrat_12_subpx.obj
d:\f_code\vs\lvgl_simulator\lv_roommachine_sim\lv_roommachine_sim\x64\debug\lv_font_montserrat_12.obj
d:\f_code\vs\lvgl_simulator\lv_roommachine_sim\lv_roommachine_sim\x64\debug\lv_font_fmt_txt.obj
d:\f_code\vs\lvgl_simulator\lv_roommachine_sim\lv_roommachine_sim\x64\debug\lv_font_dejavu_16_persian_hebrew.obj
d:\f_code\vs\lvgl_simulator\lv_roommachine_sim\lv_roommachine_sim\x64\debug\lv_font.obj
d:\f_code\vs\lvgl_simulator\lv_roommachine_sim\lv_roommachine_sim\x64\debug\lv_log.obj
d:\f_code\vs\lvgl_simulator\lv_roommachine_sim\lv_roommachine_sim\x64\debug\lv_ll.obj
d:\f_code\vs\lvgl_simulator\lv_roommachine_sim\lv_roommachine_sim\x64\debug\lv_gc.obj
d:\f_code\vs\lvgl_simulator\lv_roommachine_sim\lv_roommachine_sim\x64\debug\lv_fs.obj
d:\f_code\vs\lvgl_simulator\lv_roommachine_sim\lv_roommachine_sim\x64\debug\lv_debug.obj
d:\f_code\vs\lvgl_simulator\lv_roommachine_sim\lv_roommachine_sim\x64\debug\lv_color.obj
d:\f_code\vs\lvgl_simulator\lv_roommachine_sim\lv_roommachine_sim\x64\debug\lv_bidi.obj
d:\f_code\vs\lvgl_simulator\lv_roommachine_sim\lv_roommachine_sim\x64\debug\lv_async.obj
d:\f_code\vs\lvgl_simulator\lv_roommachine_sim\lv_roommachine_sim\x64\debug\lv_area.obj
d:\f_code\vs\lvgl_simulator\lv_roommachine_sim\lv_roommachine_sim\x64\debug\lv_anim.obj
d:\f_code\vs\lvgl_simulator\lv_roommachine_sim\lv_roommachine_sim\x64\debug\lv_hal_tick.obj
d:\f_code\vs\lvgl_simulator\lv_roommachine_sim\lv_roommachine_sim\x64\debug\lv_hal_indev.obj
d:\f_code\vs\lvgl_simulator\lv_roommachine_sim\lv_roommachine_sim\x64\debug\lv_hal_disp.obj
d:\f_code\vs\lvgl_simulator\lv_roommachine_sim\lv_roommachine_sim\x64\debug\lv_gpu_stm32_dma2d.obj
d:\f_code\vs\lvgl_simulator\lv_roommachine_sim\lv_roommachine_sim\x64\debug\lv_font_unscii_8.obj
d:\f_code\vs\lvgl_simulator\lv_roommachine_sim\lv_roommachine_sim\x64\debug\lv_font_simsun_16_cjk.obj
d:\f_code\vs\lvgl_simulator\lv_roommachine_sim\lv_roommachine_sim\x64\debug\lv_font_montserrat_48.obj
d:\f_code\vs\lvgl_simulator\lv_roommachine_sim\lv_roommachine_sim\x64\debug\lv_font_montserrat_46.obj
d:\f_code\vs\lvgl_simulator\lv_roommachine_sim\lv_roommachine_sim\x64\debug\lv_font_montserrat_44.obj
d:\f_code\vs\lvgl_simulator\lv_roommachine_sim\lv_roommachine_sim\x64\debug\lv_font_montserrat_42.obj
d:\f_code\vs\lvgl_simulator\lv_roommachine_sim\lv_roommachine_sim\x64\debug\lv_canvas.obj
d:\f_code\vs\lvgl_simulator\lv_roommachine_sim\lv_roommachine_sim\x64\debug\lv_btnmatrix.obj
d:\f_code\vs\lvgl_simulator\lv_roommachine_sim\lv_roommachine_sim\x64\debug\lv_btn.obj
d:\f_code\vs\lvgl_simulator\lv_roommachine_sim\lv_roommachine_sim\x64\debug\lv_bar.obj
d:\f_code\vs\lvgl_simulator\lv_roommachine_sim\lv_roommachine_sim\x64\debug\lv_arc.obj
d:\f_code\vs\lvgl_simulator\lv_roommachine_sim\lv_roommachine_sim\x64\debug\lv_theme_template.obj
d:\f_code\vs\lvgl_simulator\lv_roommachine_sim\lv_roommachine_sim\x64\debug\lv_theme_mono.obj
d:\f_code\vs\lvgl_simulator\lv_roommachine_sim\lv_roommachine_sim\x64\debug\lv_theme_material.obj
d:\f_code\vs\lvgl_simulator\lv_roommachine_sim\lv_roommachine_sim\x64\debug\lv_theme_empty.obj
d:\f_code\vs\lvgl_simulator\lv_roommachine_sim\lv_roommachine_sim\x64\debug\lv_theme.obj
d:\f_code\vs\lvgl_simulator\lv_roommachine_sim\lv_roommachine_sim\x64\debug\lv_utils.obj
d:\f_code\vs\lvgl_simulator\lv_roommachine_sim\lv_roommachine_sim\x64\debug\lv_txt_ap.obj
d:\f_code\vs\lvgl_simulator\lv_roommachine_sim\lv_roommachine_sim\x64\debug\lv_txt.obj
d:\f_code\vs\lvgl_simulator\lv_roommachine_sim\lv_roommachine_sim\x64\debug\lv_templ.obj
d:\f_code\vs\lvgl_simulator\lv_roommachine_sim\lv_roommachine_sim\x64\debug\lv_task.obj
d:\f_code\vs\lvgl_simulator\lv_roommachine_sim\lv_roommachine_sim\x64\debug\lv_printf.obj
d:\f_code\vs\lvgl_simulator\lv_roommachine_sim\lv_roommachine_sim\x64\debug\lv_mem.obj
d:\f_code\vs\lvgl_simulator\lv_roommachine_sim\lv_roommachine_sim\x64\debug\lv_math.obj
d:\f_code\vs\lvgl_simulator\lv_roommachine_sim\lv_roommachine_sim\x64\debug\lv_spinbox.obj
d:\f_code\vs\lvgl_simulator\lv_roommachine_sim\lv_roommachine_sim\x64\debug\lv_slider.obj
d:\f_code\vs\lvgl_simulator\lv_roommachine_sim\lv_roommachine_sim\x64\debug\lv_page.obj
d:\f_code\vs\lvgl_simulator\lv_roommachine_sim\lv_roommachine_sim\x64\debug\lv_objx_templ.obj
d:\f_code\vs\lvgl_simulator\lv_roommachine_sim\lv_roommachine_sim\x64\debug\lv_objmask.obj
d:\f_code\vs\lvgl_simulator\lv_roommachine_sim\lv_roommachine_sim\x64\debug\lv_msgbox.obj
d:\f_code\vs\lvgl_simulator\lv_roommachine_sim\lv_roommachine_sim\x64\debug\lv_list.obj
d:\f_code\vs\lvgl_simulator\lv_roommachine_sim\lv_roommachine_sim\x64\debug\lv_linemeter.obj
d:\f_code\vs\lvgl_simulator\lv_roommachine_sim\lv_roommachine_sim\x64\debug\lv_line.obj
d:\f_code\vs\lvgl_simulator\lv_roommachine_sim\lv_roommachine_sim\x64\debug\lv_led.obj
d:\f_code\vs\lvgl_simulator\lv_roommachine_sim\lv_roommachine_sim\x64\debug\lv_keyboard.obj
d:\f_code\vs\lvgl_simulator\lv_roommachine_sim\lv_roommachine_sim\x64\debug\lv_imgbtn.obj
d:\f_code\vs\lvgl_simulator\lv_roommachine_sim\lv_roommachine_sim\x64\debug\lv_gauge.obj
d:\f_code\vs\lvgl_simulator\lv_roommachine_sim\lv_roommachine_sim\x64\debug\lv_cpicker.obj
d:\f_code\vs\lvgl_simulator\lv_roommachine_sim\lv_roommachine_sim\x64\debug\lv_cont.obj
d:\f_code\vs\lvgl_simulator\lv_roommachine_sim\lv_roommachine_sim\x64\debug\lv_checkbox.obj
d:\f_code\vs\lvgl_simulator\lv_roommachine_sim\lv_roommachine_sim\x64\debug\lv_test_cont.obj
d:\f_code\vs\lvgl_simulator\lv_roommachine_sim\lv_roommachine_sim\x64\debug\lv_test_main.obj
d:\f_code\vs\lvgl_simulator\lv_roommachine_sim\lv_roommachine_sim\x64\debug\lv_test_style.obj
d:\f_code\vs\lvgl_simulator\lv_roommachine_sim\lv_roommachine_sim\x64\debug\lv_test_obj.obj
d:\f_code\vs\lvgl_simulator\lv_roommachine_sim\lv_roommachine_sim\x64\debug\lv_test_core.obj
d:\f_code\vs\lvgl_simulator\lv_roommachine_sim\lv_roommachine_sim\x64\debug\lv_test_assert.obj
d:\f_code\vs\lvgl_simulator\lv_roommachine_sim\lv_roommachine_sim\x64\debug\lv_tileview.obj
d:\f_code\vs\lvgl_simulator\lv_roommachine_sim\lv_roommachine_sim\x64\debug\lv_switch.obj
d:\f_code\vs\lvgl_simulator\lv_roommachine_sim\lv_roommachine_sim\x64\debug\lv_spinner.obj
d:\f_code\vs\lvgl_simulator\lv_roommachine_sim\x64\debug\lv_roommachine_sim.pdb
d:\f_code\vs\lvgl_simulator\lv_roommachine_sim\lv_roommachine_sim\x64\debug\lv_roomm.2d3698bd.tlog\cl.command.1.tlog
d:\f_code\vs\lvgl_simulator\lv_roommachine_sim\lv_roommachine_sim\x64\debug\lv_roomm.2d3698bd.tlog\cl.read.1.tlog
d:\f_code\vs\lvgl_simulator\lv_roommachine_sim\lv_roommachine_sim\x64\debug\lv_roomm.2d3698bd.tlog\cl.write.1.tlog
d:\f_code\vs\lvgl_simulator\lv_roommachine_sim\lv_roommachine_sim\x64\debug\lv_roomm.2d3698bd.tlog\link-cvtres.read.1.tlog
d:\f_code\vs\lvgl_simulator\lv_roommachine_sim\lv_roommachine_sim\x64\debug\lv_roomm.2d3698bd.tlog\link-cvtres.write.1.tlog
d:\f_code\vs\lvgl_simulator\lv_roommachine_sim\lv_roommachine_sim\x64\debug\lv_roomm.2d3698bd.tlog\link-rc.read.1.tlog
d:\f_code\vs\lvgl_simulator\lv_roommachine_sim\lv_roommachine_sim\x64\debug\lv_roomm.2d3698bd.tlog\link-rc.write.1.tlog
d:\f_code\vs\lvgl_simulator\lv_roommachine_sim\lv_roommachine_sim\x64\debug\lv_roomm.2d3698bd.tlog\link.command.1.tlog
d:\f_code\vs\lvgl_simulator\lv_roommachine_sim\lv_roommachine_sim\x64\debug\lv_roomm.2d3698bd.tlog\link.read.1.tlog
d:\f_code\vs\lvgl_simulator\lv_roommachine_sim\lv_roommachine_sim\x64\debug\lv_roomm.2d3698bd.tlog\link.write.1.tlog
